生成启动时间为 2020/2/1 15:45:02。
     1>项目“D:\VS Projects\leetcode-150题--逆波兰表达式\leetcode-150题--逆波兰表达式\leetcode-150题--逆波兰表达式.vcxproj”在节点 2 上(Build 个目标)。
     1>ClCompile:
         E:\BaiduNetdiskDownload\vs安装\VC\bin\CL.exe /c /ZI /nologo /W3 /WX- /sdl /Od /Oy- /D _UNICODE /D UNICODE /Gm /EHsc /RTC1 /MDd /GS /fp:precise /Zc:wchar_t /Zc:forScope /Fo"Debug\\" /Fd"Debug\vc120.pdb" /Gd /TP /analyze- /errorReport:prompt Test.cpp
         Test.cpp
     1>d:\vs projects\leetcode-150题--逆波兰表达式\leetcode-150题--逆波兰表达式\test.cpp(3): error C3872: “0xa0”:  此字符不允许在标识符中使用
     1>d:\vs projects\leetcode-150题--逆波兰表达式\leetcode-150题--逆波兰表达式\test.cpp(3): error C2146: 语法错误: 缺少“;”(在标识符“有效的运算符包括 ”的前面)
     1>d:\vs projects\leetcode-150题--逆波兰表达式\leetcode-150题--逆波兰表达式\test.cpp(3): error C4430: 缺少类型说明符 - 假定为 int。注意:  C++ 不支持默认 int
     1>d:\vs projects\leetcode-150题--逆波兰表达式\leetcode-150题--逆波兰表达式\test.cpp(3): error C2143: 语法错误 : 缺少“;”(在“+”的前面)
     1>d:\vs projects\leetcode-150题--逆波兰表达式\leetcode-150题--逆波兰表达式\test.cpp(9): error C3872: “0xa0”:  此字符不允许在标识符中使用
     1>d:\vs projects\leetcode-150题--逆波兰表达式\leetcode-150题--逆波兰表达式\test.cpp(11): error C3409: 不允许空特性块
     1>d:\vs projects\leetcode-150题--逆波兰表达式\leetcode-150题--逆波兰表达式\test.cpp(11): error C2143: 语法错误 : 缺少“]”(在“字符串”的前面)
     1>d:\vs projects\leetcode-150题--逆波兰表达式\leetcode-150题--逆波兰表达式\test.cpp(11): error C2059: 语法错误:“字符串”
     1>d:\vs projects\leetcode-150题--逆波兰表达式\leetcode-150题--逆波兰表达式\test.cpp(12): error C2059: 语法错误:“常量”
     1>d:\vs projects\leetcode-150题--逆波兰表达式\leetcode-150题--逆波兰表达式\test.cpp(13): error C2059: 语法错误:“常量”
     1>d:\vs projects\leetcode-150题--逆波兰表达式\leetcode-150题--逆波兰表达式\test.cpp(14): error C3872: “0xa0”:  此字符不允许在标识符中使用
     1>d:\vs projects\leetcode-150题--逆波兰表达式\leetcode-150题--逆波兰表达式\test.cpp(16): error C3409: 不允许空特性块
     1>d:\vs projects\leetcode-150题--逆波兰表达式\leetcode-150题--逆波兰表达式\test.cpp(16): error C2143: 语法错误 : 缺少“]”(在“字符串”的前面)
     1>d:\vs projects\leetcode-150题--逆波兰表达式\leetcode-150题--逆波兰表达式\test.cpp(16): error C2059: 语法错误:“字符串”
     1>d:\vs projects\leetcode-150题--逆波兰表达式\leetcode-150题--逆波兰表达式\test.cpp(17): error C2059: 语法错误:“常量”
     1>d:\vs projects\leetcode-150题--逆波兰表达式\leetcode-150题--逆波兰表达式\test.cpp(18): error C2059: 语法错误:“常量”
     1>d:\vs projects\leetcode-150题--逆波兰表达式\leetcode-150题--逆波兰表达式\test.cpp(19): error C3872: “0xa0”:  此字符不允许在标识符中使用
     1>d:\vs projects\leetcode-150题--逆波兰表达式\leetcode-150题--逆波兰表达式\test.cpp(21): error C3409: 不允许空特性块
     1>d:\vs projects\leetcode-150题--逆波兰表达式\leetcode-150题--逆波兰表达式\test.cpp(21): error C2143: 语法错误 : 缺少“]”(在“字符串”的前面)
     1>d:\vs projects\leetcode-150题--逆波兰表达式\leetcode-150题--逆波兰表达式\test.cpp(21): error C2059: 语法错误:“字符串”
     1>d:\vs projects\leetcode-150题--逆波兰表达式\leetcode-150题--逆波兰表达式\test.cpp(22): error C2059: 语法错误:“常量”
     1>d:\vs projects\leetcode-150题--逆波兰表达式\leetcode-150题--逆波兰表达式\test.cpp(24): error C2059: 语法错误:“常量”
     1>d:\vs projects\leetcode-150题--逆波兰表达式\leetcode-150题--逆波兰表达式\test.cpp(34): error C2143: 语法错误 : 缺少“;”(在“{”的前面)
     1>d:\vs projects\leetcode-150题--逆波兰表达式\leetcode-150题--逆波兰表达式\test.cpp(34): error C2447: “{”: 缺少函数标题(是否是老式的形式表?)
     1>已完成生成项目“D:\VS Projects\leetcode-150题--逆波兰表达式\leetcode-150题--逆波兰表达式\leetcode-150题--逆波兰表达式.vcxproj”(Build 个目标)的操作 - 失败。

生成失败。

已用时间 00:00:01.39
